<?xml version="1.0" encoding="UTF-8"?>
<!-- Generated by org.testng.reporters.JUnitReportReporter -->
<testsuite skipped="0" hostname="Mds-MacBook-Air.local" name="auto.Autotest" tests="1" failures="0" timestamp="25 Oct 2022 12:50:52 GMT" time="8.852" errors="0">
  <testcase name="test" time="8.852" classname="auto.Autotest"/>
</testsuite> <!-- auto.Autotest -->
