<?xml version="1.0" encoding="UTF-8"?>
<!-- Generated by org.testng.reporters.JUnitReportReporter -->
<testsuite skipped="0" hostname="Mds-MacBook-Air.local" name="pages.HomePageTest" tests="1" failures="0" timestamp="20 Oct 2022 19:31:49 GMT" time="17.846" errors="0">
  <testcase name="getMyPrice" time="17.846" classname="pages.HomePageTest"/>
</testsuite> <!-- pages.HomePageTest -->
